<?xml version="1.0" encoding="UTF-8"?>
<testsuite xmlns:xsi="http://www.w3.org/2001/XMLSchema-instance" xsi:noNamespaceSchemaLocation="https://maven.apache.org/surefire/maven-surefire-plugin/xsd/surefire-test-report.xsd" name="evo_suite.AVLTree_ESTest" time="1.098" tests="29" errors="1" skipped="0" failures="0">
  <properties>
    <property name="sun.desktop" value="windows"/>
    <property name="awt.toolkit" value="sun.awt.windows.WToolkit"/>
    <property name="file.encoding.pkg" value="sun.io"/>
    <property name="java.specification.version" value="1.8"/>
    <property name="sun.cpu.isalist" value="amd64"/>
    <property name="sun.jnu.encoding" value="Cp1252"/>
    <property name="java.class.path" value="C:\Users\harik\eclipse-workspace\evo_suite\target\test-classes;C:\Users\harik\eclipse-workspace\evo_suite\target\classes;C:\Users\harik\.m2\repository\junit\junit\4.12\junit-4.12.jar;C:\Users\harik\.m2\repository\org\hamcrest\hamcrest-core\1.3\hamcrest-core-1.3.jar;C:\Users\harik\.m2\repository\org\evosuite\evosuite-standalone-runtime\1.0.6\evosuite-standalone-runtime-1.0.6.jar;C:\Users\harik\.m2\repository\org\jacoco\org.jacoco.agent\0.8.7\org.jacoco.agent-0.8.7.jar;"/>
    <property name="java.vm.vendor" value="Oracle Corporation"/>
    <property name="sun.arch.data.model" value="64"/>
    <property name="user.variant" value=""/>
    <property name="java.vendor.url" value="http://java.oracle.com/"/>
    <property name="user.timezone" value="America/Chicago"/>
    <property name="java.vm.specification.version" value="1.8"/>
    <property name="os.name" value="Windows 10"/>
    <property name="user.country" value="US"/>
    <property name="sun.java.launcher" value="SUN_STANDARD"/>
    <property name="sun.boot.library.path" value="C:\Program Files\Java\jdk1.8.0_311\jre\bin"/>
    <property name="sun.java.command" value="C:\Users\harik\AppData\Local\Temp\surefire519923787156444212\surefirebooter7524955561847302166.jar C:\Users\harik\AppData\Local\Temp\surefire519923787156444212 2022-04-16T23-57-03_171-jvmRun1 surefire6929759906655417187tmp surefire_06316618048835927330tmp"/>
    <property name="surefire.test.class.path" value="C:\Users\harik\eclipse-workspace\evo_suite\target\test-classes;C:\Users\harik\eclipse-workspace\evo_suite\target\classes;C:\Users\harik\.m2\repository\junit\junit\4.12\junit-4.12.jar;C:\Users\harik\.m2\repository\org\hamcrest\hamcrest-core\1.3\hamcrest-core-1.3.jar;C:\Users\harik\.m2\repository\org\evosuite\evosuite-standalone-runtime\1.0.6\evosuite-standalone-runtime-1.0.6.jar;C:\Users\harik\.m2\repository\org\jacoco\org.jacoco.agent\0.8.7\org.jacoco.agent-0.8.7.jar;"/>
    <property name="sun.cpu.endian" value="little"/>
    <property name="user.home" value="C:\Users\harik"/>
    <property name="user.language" value="en"/>
    <property name="java.specification.vendor" value="Oracle Corporation"/>
    <property name="java.home" value="C:\Program Files\Java\jdk1.8.0_311\jre"/>
    <property name="basedir" value="C:\Users\harik\eclipse-workspace\evo_suite"/>
    <property name="file.separator" value="\"/>
    <property name="line.separator" value="&#10;"/>
    <property name="java.vm.specification.vendor" value="Oracle Corporation"/>
    <property name="java.specification.name" value="Java Platform API Specification"/>
    <property name="java.awt.graphicsenv" value="sun.awt.Win32GraphicsEnvironment"/>
    <property name="surefire.real.class.path" value="C:\Users\harik\AppData\Local\Temp\surefire519923787156444212\surefirebooter7524955561847302166.jar;C:\\Users\\harik\\.m2\\repository\\org\\jacoco\\org.jacoco.agent\\0.8.6\\org.jacoco.agent-0.8.6-runtime.jar"/>
    <property name="sun.boot.class.path" value="C:\Program Files\Java\jdk1.8.0_311\jre\lib\resources.jar;C:\Program Files\Java\jdk1.8.0_311\jre\lib\rt.jar;C:\Program Files\Java\jdk1.8.0_311\jre\lib\sunrsasign.jar;C:\Program Files\Java\jdk1.8.0_311\jre\lib\jsse.jar;C:\Program Files\Java\jdk1.8.0_311\jre\lib\jce.jar;C:\Program Files\Java\jdk1.8.0_311\jre\lib\charsets.jar;C:\Program Files\Java\jdk1.8.0_311\jre\lib\jfr.jar;C:\Program Files\Java\jdk1.8.0_311\jre\classes"/>
    <property name="user.script" value=""/>
    <property name="sun.management.compiler" value="HotSpot 64-Bit Tiered Compilers"/>
    <property name="java.runtime.version" value="1.8.0_311-b11"/>
    <property name="user.name" value="harik"/>
    <property name="path.separator" value=";"/>
    <property name="os.version" value="10.0"/>
    <property name="java.endorsed.dirs" value="C:\Program Files\Java\jdk1.8.0_311\jre\lib\endorsed"/>
    <property name="java.runtime.name" value="Java(TM) SE Runtime Environment"/>
    <property name="file.encoding" value="Cp1252"/>
    <property name="java.vm.name" value="Java HotSpot(TM) 64-Bit Server VM"/>
    <property name="localRepository" value="C:\Users\harik\.m2\repository"/>
    <property name="java.vendor.url.bug" value="http://bugreport.sun.com/bugreport/"/>
    <property name="java.io.tmpdir" value="C:\Users\harik\AppData\Local\Temp\"/>
    <property name="java.version" value="1.8.0_311"/>
    <property name="user.dir" value="C:\Users\harik\eclipse-workspace\evo_suite"/>
    <property name="os.arch" value="amd64"/>
    <property name="java.vm.specification.name" value="Java Virtual Machine Specification"/>
    <property name="java.awt.printerjob" value="sun.awt.windows.WPrinterJob"/>
    <property name="sun.os.patch.level" value=""/>
    <property name="java.library.path" value="C:\Program Files\Java\jdk1.8.0_311\jre\bin;C:\WINDOWS\Sun\Java\bin;C:\WINDOWS\system32;C:\WINDOWS;C:/Users/harik/.p2/pool/plugins/org.eclipse.justj.openjdk.hotspot.jre.full.win32.x86_64_17.0.2.v20220201-1208/jre/bin/server;C:/Users/harik/.p2/pool/plugins/org.eclipse.justj.openjdk.hotspot.jre.full.win32.x86_64_17.0.2.v20220201-1208/jre/bin;C:\Program Files\Java\jdk1.8.0_311\bin;&quot;C:\Program Files\Common Files\Oracle\Java\javapath;C:\Program Files\Java\jdk1.8.0_311\bin&quot;;C:\Program Files (x86)\Common Files\Oracle\Java\javapath;C:\WINDOWS\system32;C:\WINDOWS;C:\WINDOWS\System32\Wbem;C:\WINDOWS\System32\WindowsPowerShell\v1.0\;C:\WINDOWS\System32\OpenSSH\;C:\Program Files\Git\cmd;C:\Users\harik\OneDrive\Desktop\bin;C:\Program Files\MATLAB\R2021a\bin;C:\Users\harik\OneDrive\Desktop\matlab_final\runtime\win64;C:\Users\harik\OneDrive\Desktop\matlab_final\bin;C:\Program Files\PuTTY\;C:\Program Files\LLVM\bin;C:\Program Files\Graphviz\bin;C:\Program Files\MiKTeX\miktex\bin\x64\;C:\Program Files\dotnet\;C:\Program Files\apache-maven-3.8.5\bin;C:\Program Files\Java\jre1.8.0_321\bin;C:\Program Files\Java\jre1.8.0_321\bin;C:\Users\harik\OneDrive\Desktop\pat_hw3_files;C:\Users\harik\AppData\Local\Programs\Microsoft VS Code\bin;C:\Users\harik\AppData\Roaming\TinyTeX\bin\win32;C:\Program Files\Java\jdk1.8.0_311;;C:\WINDOWS\system32;;."/>
    <property name="java.vm.info" value="mixed mode"/>
    <property name="java.vendor" value="Oracle Corporation"/>
    <property name="java.vm.version" value="25.311-b11"/>
    <property name="java.ext.dirs" value="C:\Program Files\Java\jdk1.8.0_311\jre\lib\ext;C:\WINDOWS\Sun\Java\lib\ext"/>
    <property name="sun.io.unicode.encoding" value="UnicodeLittle"/>
    <property name="java.class.version" value="52.0"/>
  </properties>
  <testcase name="test16" classname="evo_suite.AVLTree_ESTest" time="0.009"/>
  <testcase name="test15" classname="evo_suite.AVLTree_ESTest" time="0.001"/>
  <testcase name="test14" classname="evo_suite.AVLTree_ESTest" time="0.008"/>
  <testcase name="test13" classname="evo_suite.AVLTree_ESTest" time="0.002"/>
  <testcase name="test12" classname="evo_suite.AVLTree_ESTest" time="0.003"/>
  <testcase name="test11" classname="evo_suite.AVLTree_ESTest" time="0.015">
    <error type="java.lang.StackOverflowError">java.lang.StackOverflowError
</error>
  </testcase>
  <testcase name="test10" classname="evo_suite.AVLTree_ESTest" time="0.001"/>
  <testcase name="test19" classname="evo_suite.AVLTree_ESTest" time="0.001"/>
  <testcase name="test18" classname="evo_suite.AVLTree_ESTest" time="0.001"/>
  <testcase name="test17" classname="evo_suite.AVLTree_ESTest" time="0.002"/>
  <testcase name="test05" classname="evo_suite.AVLTree_ESTest" time="0.001"/>
  <testcase name="test27" classname="evo_suite.AVLTree_ESTest" time="0.001"/>
  <testcase name="test04" classname="evo_suite.AVLTree_ESTest" time="0.001"/>
  <testcase name="test26" classname="evo_suite.AVLTree_ESTest" time="0.001"/>
  <testcase name="test03" classname="evo_suite.AVLTree_ESTest" time="0.002"/>
  <testcase name="test25" classname="evo_suite.AVLTree_ESTest" time="0.003"/>
  <testcase name="test02" classname="evo_suite.AVLTree_ESTest" time="0.001"/>
  <testcase name="test24" classname="evo_suite.AVLTree_ESTest" time="0.002"/>
  <testcase name="test01" classname="evo_suite.AVLTree_ESTest" time="0.001"/>
  <testcase name="test23" classname="evo_suite.AVLTree_ESTest" time="0.001"/>
  <testcase name="test00" classname="evo_suite.AVLTree_ESTest" time="0.002"/>
  <testcase name="test22" classname="evo_suite.AVLTree_ESTest" time="0.001"/>
  <testcase name="test21" classname="evo_suite.AVLTree_ESTest" time="0.002"/>
  <testcase name="test20" classname="evo_suite.AVLTree_ESTest" time="0.001"/>
  <testcase name="test09" classname="evo_suite.AVLTree_ESTest" time="0.001"/>
  <testcase name="test08" classname="evo_suite.AVLTree_ESTest" time="0.001"/>
  <testcase name="test07" classname="evo_suite.AVLTree_ESTest" time="0.002"/>
  <testcase name="test06" classname="evo_suite.AVLTree_ESTest" time="0.005"/>
  <testcase name="test28" classname="evo_suite.AVLTree_ESTest" time="0.001"/>
</testsuite>